<?xml version="1.0" encoding="UTF-8"?>
<testsuite xmlns:xsi="http://www.w3.org/2001/XMLSchema-instance" xsi:noNamespaceSchemaLocation="https://maven.apache.org/surefire/maven-surefire-plugin/xsd/surefire-test-report-3.0.xsd" version="3.0" name="Web table user order feature" time="174.432" tests="13" errors="0" skipped="0" failures="0">
  <properties>
[...]
</properties>
  <testcase name="User should be able to place order and order seen in web table" classname="Web table user order feature" time="8.027">
    <system-out><![CDATA[
@webtableAppOrder
Scenario: User should be able to place order and order seen in web table &amp#27;[90m# src/test/resources/features/webtableOrder.feature:4&amp#27;[0m
  &amp#27;[32mGiven &amp#27;[0m&amp#27;[32muser is already logged in and on order page&amp#27;[0m                      &amp#27;[90m# com.cydeo.step_definitions.WebTableOrder_StepDefs.user_is_already_logged_in_and_on_order_page()&amp#27;[0m
  &amp#27;[32mWhen &amp#27;[0m&amp#27;[32muser selects product type &amp#27;[0m&amp#27;[32m&amp#27;[1m"Familybea"&amp#27;[0m                             &amp#27;[90m# com.cydeo.step_definitions.WebTableOrder_StepDefs.user_selects_product_type(java.lang.String)&amp#27;[0m
  &amp#27;[32mAnd &amp#27;[0m&amp#27;[32muser enters quantity &amp#27;[0m&amp#27;[32m&amp#27;[1m2&amp#27;[0m                                             &amp#27;[90m# com.cydeo.step_definitions.WebTableOrder_StepDefs.user_enters_quantity(java.lang.Integer)&amp#27;[0m
  &amp#27;[32mAnd &amp#27;[0m&amp#27;[32muser enters customer name &amp#27;[0m&amp#27;[32m&amp#27;[1m"Sherlock Holmes"&amp#27;[0m                        &amp#27;[90m# com.cydeo.step_definitions.WebTableOrder_StepDefs.user_enters_customer_name(java.lang.String)&amp#27;[0m
  &amp#27;[32mAnd &amp#27;[0m&amp#27;[32muser enters street &amp#27;[0m&amp#27;[32m&amp#27;[1m"221B Baker Street"&amp#27;[0m                             &amp#27;[90m# com.cydeo.step_definitions.WebTableOrder_StepDefs.user_enters_street(java.lang.String)&amp#27;[0m
  &amp#27;[32mAnd &amp#27;[0m&amp#27;[32muser enters city &amp#27;[0m&amp#27;[32m&amp#27;[1m"London"&amp#27;[0m                                          &amp#27;[90m# com.cydeo.step_definitions.WebTableOrder_StepDefs.user_enters_city(java.lang.String)&amp#27;[0m
  &amp#27;[32mAnd &amp#27;[0m&amp#27;[32muser enters state &amp#27;[0m&amp#27;[32m&amp#27;[1m"England"&amp#27;[0m                                        &amp#27;[90m# com.cydeo.step_definitions.WebTableOrder_StepDefs.user_enters_state(java.lang.String)&amp#27;[0m
  &amp#27;[32mAnd &amp#27;[0m&amp#27;[32muser enters zipcode &amp#27;[0m&amp#27;[32m&amp#27;[1m"50505"&amp#27;[0m                                        &amp#27;[90m# com.cydeo.step_definitions.WebTableOrder_StepDefs.user_enters_zipcode(java.lang.String)&amp#27;[0m
  &amp#27;[32mAnd &amp#27;[0m&amp#27;[32muser selects credit card type &amp#27;[0m&amp#27;[32m&amp#27;[1m"visa"&amp#27;[0m                               &amp#27;[90m# com.cydeo.step_definitions.WebTableOrder_StepDefs.user_selects_credit_card_type(java.lang.String)&amp#27;[0m
  &amp#27;[32mAnd &amp#27;[0m&amp#27;[32muser enters credit card number &amp#27;[0m&amp#27;[32m&amp#27;[1m"1111222233334444"&amp#27;[0m                  &amp#27;[90m# com.cydeo.step_definitions.WebTableOrder_StepDefs.user_enters_credit_card_number(java.lang.String)&amp#27;[0m
  &amp#27;[32mAnd &amp#27;[0m&amp#27;[32muser enters expiry date &amp#27;[0m&amp#27;[32m&amp#27;[1m"12/23"&amp#27;[0m                                    &amp#27;[90m# com.cydeo.step_definitions.WebTableOrder_StepDefs.user_enters_expiry_date(java.lang.String)&amp#27;[0m
  &amp#27;[32mAnd &amp#27;[0m&amp#27;[32muser enters process order button&amp#27;[0m                                   &amp#27;[90m# com.cydeo.step_definitions.WebTableOrder_StepDefs.user_enters_process_order_button()&amp#27;[0m
  &amp#27;[32mThen &amp#27;[0m&amp#27;[32muser should see &amp#27;[0m&amp#27;[32m&amp#27;[1m"Sherlock Holmes"&amp#27;[0m&amp#27;[32m in first row of the web table&amp#27;[0m   &amp#27;[90m# com.cydeo.step_definitions.WebTableOrder_StepDefs.user_should_see_in_first_row_of_the_web_table(java.lang.String)&amp#27;[0m
]]></system-out>
    <system-err><![CDATA[Starting ChromeDriver 106.0.5249.61 (511755355844955cd3e264779baf0dd38212a4d0-refs/branch-heads/5249@{#569}) on port 35739
Only local connections are allowed.
Please see https://chromedriver.chromium.org/security-considerations for suggestions on keeping ChromeDriver safe.
ChromeDriver was started successfully.
Nov 04, 2022 5:13:19 AM org.openqa.selenium.remote.ProtocolHandshake createSession
INFO: Detected dialect: W3C
Nov 04, 2022 5:13:19 AM org.openqa.selenium.remote.ProtocolHandshake createSession
INFO: Detected dialect: W3C
]]></system-err>
  </testcase>
  <testcase name="User should be able to place order and order seen in web table with using DDT #1" classname="Web table user order feature" time="8.03">
    <system-out><![CDATA[
@webtableAppOrder @femaleScientist
Scenario Template: User should be able to place order and order seen in web table with using DDT &amp#27;[90m# src/test/resources/features/webtableOrder.feature:38&amp#27;[0m
  &amp#27;[32mGiven &amp#27;[0m&amp#27;[32muser is already logged in and on order page&amp#27;[0m                                              &amp#27;[90m# com.cydeo.step_definitions.WebTableOrder_StepDefs.user_is_already_logged_in_and_on_order_page()&amp#27;[0m
  &amp#27;[32mWhen &amp#27;[0m&amp#27;[32muser selects product type &amp#27;[0m&amp#27;[32m&amp#27;[1m"Familybea"&amp#27;[0m                                                     &amp#27;[90m# com.cydeo.step_definitions.WebTableOrder_StepDefs.user_selects_product_type(java.lang.String)&amp#27;[0m
  &amp#27;[32mAnd &amp#27;[0m&amp#27;[32muser enters quantity &amp#27;[0m&amp#27;[32m&amp#27;[1m2&amp#27;[0m                                                                     &amp#27;[90m# com.cydeo.step_definitions.WebTableOrder_StepDefs.user_enters_quantity(java.lang.Integer)&amp#27;[0m
  &amp#27;[32mAnd &amp#27;[0m&amp#27;[32muser enters customer name &amp#27;[0m&amp#27;[32m&amp#27;[1m"Rosalind Franklin"&amp#27;[0m                                              &amp#27;[90m# com.cydeo.step_definitions.WebTableOrder_StepDefs.user_enters_customer_name(java.lang.String)&amp#27;[0m
  &amp#27;[32mAnd &amp#27;[0m&amp#27;[32muser enters street &amp#27;[0m&amp#27;[32m&amp#27;[1m"221B Baker Street"&amp#27;[0m                                                     &amp#27;[90m# com.cydeo.step_definitions.WebTableOrder_StepDefs.user_enters_street(java.lang.String)&amp#27;[0m
  &amp#27;[32mAnd &amp#27;[0m&amp#27;[32muser enters city &amp#27;[0m&amp#27;[32m&amp#27;[1m"London"&amp#27;[0m                                                                  &amp#27;[90m# com.cydeo.step_definitions.WebTableOrder_StepDefs.user_enters_city(java.lang.String)&amp#27;[0m
  &amp#27;[32mAnd &amp#27;[0m&amp#27;[32muser enters state &amp#27;[0m&amp#27;[32m&amp#27;[1m"England"&amp#27;[0m                                                                &amp#27;[90m# com.cydeo.step_definitions.WebTableOrder_StepDefs.user_enters_state(java.lang.String)&amp#27;[0m
  &amp#27;[32mAnd &amp#27;[0m&amp#27;[32muser enters zipcode &amp#27;[0m&amp#27;[32m&amp#27;[1m"50505"&amp#27;[0m                                                                &amp#27;[90m# com.cydeo.step_definitions.WebTableOrder_StepDefs.user_enters_zipcode(java.lang.String)&amp#27;[0m
  &amp#27;[32mAnd &amp#27;[0m&amp#27;[32muser selects credit card type &amp#27;[0m&amp#27;[32m&amp#27;[1m"visa"&amp#27;[0m                                                       &amp#27;[90m# com.cydeo.step_definitions.WebTableOrder_StepDefs.user_selects_credit_card_type(java.lang.String)&amp#27;[0m
  &amp#27;[32mAnd &amp#27;[0m&amp#27;[32muser enters credit card number &amp#27;[0m&amp#27;[32m&amp#27;[1m"1111222233334444"&amp#27;[0m                                          &amp#27;[90m# com.cydeo.step_definitions.WebTableOrder_StepDefs.user_enters_credit_card_number(java.lang.String)&amp#27;[0m
  &amp#27;[32mAnd &amp#27;[0m&amp#27;[32muser enters expiry date &amp#27;[0m&amp#27;[32m&amp#27;[1m"12/23"&amp#27;[0m                                                            &amp#27;[90m# com.cydeo.step_definitions.WebTableOrder_StepDefs.user_enters_expiry_date(java.lang.String)&amp#27;[0m
  &amp#27;[32mAnd &amp#27;[0m&amp#27;[32muser enters process order button&amp#27;[0m                                                           &amp#27;[90m# com.cydeo.step_definitions.WebTableOrder_StepDefs.user_enters_process_order_button()&amp#27;[0m
  &amp#27;[32mThen &amp#27;[0m&amp#27;[32muser should see &amp#27;[0m&amp#27;[32m&amp#27;[1m"Rosalind Franklin"&amp#27;[0m&amp#27;[32m in first row of the web table&amp#27;[0m                         &amp#27;[90m# com.cydeo.step_definitions.WebTableOrder_StepDefs.user_should_see_in_first_row_of_the_web_table(java.lang.String)&amp#27;[0m
]]></system-out>
    <system-err><![CDATA[Starting ChromeDriver 106.0.5249.61 (511755355844955cd3e264779baf0dd38212a4d0-refs/branch-heads/5249@{#569}) on port 17708
Only local connections are allowed.
Please see https://chromedriver.chromium.org/security-considerations for suggestions on keeping ChromeDriver safe.
ChromeDriver was started successfully.
Nov 04, 2022 5:13:26 AM org.openqa.selenium.remote.ProtocolHandshake createSession
INFO: Detected dialect: W3C
]]></system-err>
  </testcase>
  <testcase name="User should be able to place order and order seen in web table with using DDT #2" classname="Web table user order feature" time="15.254">
    <system-out><![CDATA[
@webtableAppOrder @femaleScientist
Scenario Template: User should be able to place order and order seen in web table with using DDT &amp#27;[90m# src/test/resources/features/webtableOrder.feature:39&amp#27;[0m
  &amp#27;[32mGiven &amp#27;[0m&amp#27;[32muser is already logged in and on order page&amp#27;[0m                                              &amp#27;[90m# com.cydeo.step_definitions.WebTableOrder_StepDefs.user_is_already_logged_in_and_on_order_page()&amp#27;[0m
  &amp#27;[32mWhen &amp#27;[0m&amp#27;[32muser selects product type &amp#27;[0m&amp#27;[32m&amp#27;[1m"MoneyCog"&amp#27;[0m                                                      &amp#27;[90m# com.cydeo.step_definitions.WebTableOrder_StepDefs.user_selects_product_type(java.lang.String)&amp#27;[0m
  &amp#27;[32mAnd &amp#27;[0m&amp#27;[32muser enters quantity &amp#27;[0m&amp#27;[32m&amp#27;[1m4&amp#27;[0m                                                                     &amp#27;[90m# com.cydeo.step_definitions.WebTableOrder_StepDefs.user_enters_quantity(java.lang.Integer)&amp#27;[0m
  &amp#27;[32mAnd &amp#27;[0m&amp#27;[32muser enters customer name &amp#27;[0m&amp#27;[32m&amp#27;[1m"Marie Curie"&amp#27;[0m                                                    &amp#27;[90m# com.cydeo.step_definitions.WebTableOrder_StepDefs.user_enters_customer_name(java.lang.String)&amp#27;[0m
  &amp#27;[32mAnd &amp#27;[0m&amp#27;[32muser enters street &amp#27;[0m&amp#27;[32m&amp#27;[1m"221B Baker Street"&amp#27;[0m                                                     &amp#27;[90m# com.cydeo.step_definitions.WebTableOrder_StepDefs.user_enters_street(java.lang.String)&amp#27;[0m
  &amp#27;[32mAnd &amp#27;[0m&amp#27;[32muser enters city &amp#27;[0m&amp#27;[32m&amp#27;[1m"London"&amp#27;[0m                                                                  &amp#27;[90m# com.cydeo.step_definitions.WebTableOrder_StepDefs.user_enters_city(java.lang.String)&amp#27;[0m
  &amp#27;[32mAnd &amp#27;[0m&amp#27;[32muser enters state &amp#27;[0m&amp#27;[32m&amp#27;[1m"England"&amp#27;[0m                                                                &amp#27;[90m# com.cydeo.step_definitions.WebTableOrder_StepDefs.user_enters_state(java.lang.String)&amp#27;[0m
  &amp#27;[32mAnd &amp#27;[0m&amp#27;[32muser enters zipcode &amp#27;[0m&amp#27;[32m&amp#27;[1m"50505"&amp#27;[0m                                                                &amp#27;[90m# com.cydeo.step_definitions.WebTableOrder_StepDefs.user_enters_zipcode(java.lang.String)&amp#27;[0m
  &amp#27;[32mAnd &amp#27;[0m&amp#27;[32muser selects credit card type &amp#27;[0m&amp#27;[32m&amp#27;[1m"visa"&amp#27;[0m                                                       &amp#27;[90m# com.cydeo.step_definitions.WebTableOrder_StepDefs.user_selects_credit_card_type(java.lang.String)&amp#27;[0m
  &amp#27;[32mAnd &amp#27;[0m&amp#27;[32muser enters credit card number &amp#27;[0m&amp#27;[32m&amp#27;[1m"1111222233334444"&amp#27;[0m                                          &amp#27;[90m# com.cydeo.step_definitions.WebTableOrder_StepDefs.user_enters_credit_card_number(java.lang.String)&amp#27;[0m
  &amp#27;[32mAnd &amp#27;[0m&amp#27;[32muser enters expiry date &amp#27;[0m&amp#27;[32m&amp#27;[1m"12/23"&amp#27;[0m                                                            &amp#27;[90m# com.cydeo.step_definitions.WebTableOrder_StepDefs.user_enters_expiry_date(java.lang.String)&amp#27;[0m
  &amp#27;[32mAnd &amp#27;[0m&amp#27;[32muser enters process order button&amp#27;[0m                                                           &amp#27;[90m# com.cydeo.step_definitions.WebTableOrder_StepDefs.user_enters_process_order_button()&amp#27;[0m
  &amp#27;[32mThen &amp#27;[0m&amp#27;[32muser should see &amp#27;[0m&amp#27;[32m&amp#27;[1m"Marie Curie"&amp#27;[0m&amp#27;[32m in first row of the web table&amp#27;[0m                               &amp#27;[90m# com.cydeo.step_definitions.WebTableOrder_StepDefs.user_should_see_in_first_row_of_the_web_table(java.lang.String)&amp#27;[0m
]]></system-out>
    <system-err><![CDATA[Starting ChromeDriver 106.0.5249.61 (511755355844955cd3e264779baf0dd38212a4d0-refs/branch-heads/5249@{#569}) on port 44921
Only local connections are allowed.
Please see https://chromedriver.chromium.org/security-considerations for suggestions on keeping ChromeDriver safe.
ChromeDriver was started successfully.
Nov 04, 2022 5:13:33 AM org.openqa.selenium.remote.ProtocolHandshake createSession
INFO: Detected dialect: W3C
]]></system-err>
  </testcase>
  <testcase name="User should be able to place order and order seen in web table with using DDT #3" classname="Web table user order feature" time="5.751">
    <system-out><![CDATA[
@webtableAppOrder @femaleScientist
Scenario Template: User should be able to place order and order seen in web table with using DDT &amp#27;[90m# src/test/resources/features/webtableOrder.feature:40&amp#27;[0m
  &amp#27;[32mGiven &amp#27;[0m&amp#27;[32muser is already logged in and on order page&amp#27;[0m                                              &amp#27;[90m# com.cydeo.step_definitions.WebTableOrder_StepDefs.user_is_already_logged_in_and_on_order_page()&amp#27;[0m
  &amp#27;[32mWhen &amp#27;[0m&amp#27;[32muser selects product type &amp#27;[0m&amp#27;[32m&amp#27;[1m"Screenable"&amp#27;[0m                                                    &amp#27;[90m# com.cydeo.step_definitions.WebTableOrder_StepDefs.user_selects_product_type(java.lang.String)&amp#27;[0m
  &amp#27;[32mAnd &amp#27;[0m&amp#27;[32muser enters quantity &amp#27;[0m&amp#27;[32m&amp#27;[1m2&amp#27;[0m                                                                     &amp#27;[90m# com.cydeo.step_definitions.WebTableOrder_StepDefs.user_enters_quantity(java.lang.Integer)&amp#27;[0m
  &amp#27;[32mAnd &amp#27;[0m&amp#27;[32muser enters customer name &amp#27;[0m&amp#27;[32m&amp#27;[1m"Rachel Carson"&amp#27;[0m                                                  &amp#27;[90m# com.cydeo.step_definitions.WebTableOrder_StepDefs.user_enters_customer_name(java.lang.String)&amp#27;[0m
  &amp#27;[32mAnd &amp#27;[0m&amp#27;[32muser enters street &amp#27;[0m&amp#27;[32m&amp#27;[1m"221B Baker Street"&amp#27;[0m                                                     &amp#27;[90m# com.cydeo.step_definitions.WebTableOrder_StepDefs.user_enters_street(java.lang.String)&amp#27;[0m
  &amp#27;[32mAnd &amp#27;[0m&amp#27;[32muser enters city &amp#27;[0m&amp#27;[32m&amp#27;[1m"London"&amp#27;[0m                                                                  &amp#27;[90m# com.cydeo.step_definitions.WebTableOrder_StepDefs.user_enters_city(java.lang.String)&amp#27;[0m
  &amp#27;[32mAnd &amp#27;[0m&amp#27;[32muser enters state &amp#27;[0m&amp#27;[32m&amp#27;[1m"England"&amp#27;[0m                                                                &amp#27;[90m# com.cydeo.step_definitions.WebTableOrder_StepDefs.user_enters_state(java.lang.String)&amp#27;[0m
  &amp#27;[32mAnd &amp#27;[0m&amp#27;[32muser enters zipcode &amp#27;[0m&amp#27;[32m&amp#27;[1m"50505"&amp#27;[0m                                                                &amp#27;[90m# com.cydeo.step_definitions.WebTableOrder_StepDefs.user_enters_zipcode(java.lang.String)&amp#27;[0m
  &amp#27;[32mAnd &amp#27;[0m&amp#27;[32muser selects credit card type &amp#27;[0m&amp#27;[32m&amp#27;[1m"visa"&amp#27;[0m                                                       &amp#27;[90m# com.cydeo.step_definitions.WebTableOrder_StepDefs.user_selects_credit_card_type(java.lang.String)&amp#27;[0m
  &amp#27;[32mAnd &amp#27;[0m&amp#27;[32muser enters credit card number &amp#27;[0m&amp#27;[32m&amp#27;[1m"1111222233334444"&amp#27;[0m                                          &amp#27;[90m# com.cydeo.step_definitions.WebTableOrder_StepDefs.user_enters_credit_card_number(java.lang.String)&amp#27;[0m
  &amp#27;[32mAnd &amp#27;[0m&amp#27;[32muser enters expiry date &amp#27;[0m&amp#27;[32m&amp#27;[1m"12/23"&amp#27;[0m                                                            &amp#27;[90m# com.cydeo.step_definitions.WebTableOrder_StepDefs.user_enters_expiry_date(java.lang.String)&amp#27;[0m
  &amp#27;[32mAnd &amp#27;[0m&amp#27;[32muser enters process order button&amp#27;[0m                                                           &amp#27;[90m# com.cydeo.step_definitions.WebTableOrder_StepDefs.user_enters_process_order_button()&amp#27;[0m
  &amp#27;[32mThen &amp#27;[0m&amp#27;[32muser should see &amp#27;[0m&amp#27;[32m&amp#27;[1m"Rachel Carson"&amp#27;[0m&amp#27;[32m in first row of the web table&amp#27;[0m                             &amp#27;[90m# com.cydeo.step_definitions.WebTableOrder_StepDefs.user_should_see_in_first_row_of_the_web_table(java.lang.String)&amp#27;[0m
]]></system-out>
    <system-err><![CDATA[Starting ChromeDriver 106.0.5249.61 (511755355844955cd3e264779baf0dd38212a4d0-refs/branch-heads/5249@{#569}) on port 12796
Only local connections are allowed.
Please see https://chromedriver.chromium.org/security-considerations for suggestions on keeping ChromeDriver safe.
ChromeDriver was started successfully.
Nov 04, 2022 5:13:49 AM org.openqa.selenium.remote.ProtocolHandshake createSession
INFO: Detected dialect: W3C
]]></system-err>
  </testcase>
  <testcase name="User should be able to place order and order seen in web table with using DDT #4" classname="Web table user order feature" time="8.774">
    <system-out><![CDATA[
@webtableAppOrder @femaleScientist
Scenario Template: User should be able to place order and order seen in web table with using DDT &amp#27;[90m# src/test/resources/features/webtableOrder.feature:41&amp#27;[0m
  &amp#27;[32mGiven &amp#27;[0m&amp#27;[32muser is already logged in and on order page&amp#27;[0m                                              &amp#27;[90m# com.cydeo.step_definitions.WebTableOrder_StepDefs.user_is_already_logged_in_and_on_order_page()&amp#27;[0m
  &amp#27;[32mWhen &amp#27;[0m&amp#27;[32muser selects product type &amp#27;[0m&amp#27;[32m&amp#27;[1m"MoneyCog"&amp#27;[0m                                                      &amp#27;[90m# com.cydeo.step_definitions.WebTableOrder_StepDefs.user_selects_product_type(java.lang.String)&amp#27;[0m
  &amp#27;[32mAnd &amp#27;[0m&amp#27;[32muser enters quantity &amp#27;[0m&amp#27;[32m&amp#27;[1m3&amp#27;[0m                                                                     &amp#27;[90m# com.cydeo.step_definitions.WebTableOrder_StepDefs.user_enters_quantity(java.lang.Integer)&amp#27;[0m
  &amp#27;[32mAnd &amp#27;[0m&amp#27;[32muser enters customer name &amp#27;[0m&amp#27;[32m&amp#27;[1m"Katherina Johnson"&amp#27;[0m                                              &amp#27;[90m# com.cydeo.step_definitions.WebTableOrder_StepDefs.user_enters_customer_name(java.lang.String)&amp#27;[0m
  &amp#27;[32mAnd &amp#27;[0m&amp#27;[32muser enters street &amp#27;[0m&amp#27;[32m&amp#27;[1m"221B Baker Street"&amp#27;[0m                                                     &amp#27;[90m# com.cydeo.step_definitions.WebTableOrder_StepDefs.user_enters_street(java.lang.String)&amp#27;[0m
  &amp#27;[32mAnd &amp#27;[0m&amp#27;[32muser enters city &amp#27;[0m&amp#27;[32m&amp#27;[1m"London"&amp#27;[0m                                                                  &amp#27;[90m# com.cydeo.step_definitions.WebTableOrder_StepDefs.user_enters_city(java.lang.String)&amp#27;[0m
  &amp#27;[32mAnd &amp#27;[0m&amp#27;[32muser enters state &amp#27;[0m&amp#27;[32m&amp#27;[1m"England"&amp#27;[0m                                                                &amp#27;[90m# com.cydeo.step_definitions.WebTableOrder_StepDefs.user_enters_state(java.lang.String)&amp#27;[0m
  &amp#27;[32mAnd &amp#27;[0m&amp#27;[32muser enters zipcode &amp#27;[0m&amp#27;[32m&amp#27;[1m"50505"&amp#27;[0m                                                                &amp#27;[90m# com.cydeo.step_definitions.WebTableOrder_StepDefs.user_enters_zipcode(java.lang.String)&amp#27;[0m
  &amp#27;[32mAnd &amp#27;[0m&amp#27;[32muser selects credit card type &amp#27;[0m&amp#27;[32m&amp#27;[1m"visa"&amp#27;[0m                                                       &amp#27;[90m# com.cydeo.step_definitions.WebTableOrder_StepDefs.user_selects_credit_card_type(java.lang.String)&amp#27;[0m
  &amp#27;[32mAnd &amp#27;[0m&amp#27;[32muser enters credit card number &amp#27;[0m&amp#27;[32m&amp#27;[1m"1111222233334444"&amp#27;[0m                                          &amp#27;[90m# com.cydeo.step_definitions.WebTableOrder_StepDefs.user_enters_credit_card_number(java.lang.String)&amp#27;[0m
  &amp#27;[32mAnd &amp#27;[0m&amp#27;[32muser enters expiry date &amp#27;[0m&amp#27;[32m&amp#27;[1m"12/23"&amp#27;[0m                                                            &amp#27;[90m# com.cydeo.step_definitions.WebTableOrder_StepDefs.user_enters_expiry_date(java.lang.String)&amp#27;[0m
  &amp#27;[32mAnd &amp#27;[0m&amp#27;[32muser enters process order button&amp#27;[0m                                                           &amp#27;[90m# com.cydeo.step_definitions.WebTableOrder_StepDefs.user_enters_process_order_button()&amp#27;[0m
  &amp#27;[32mThen &amp#27;[0m&amp#27;[32muser should see &amp#27;[0m&amp#27;[32m&amp#27;[1m"Katherina Johnson"&amp#27;[0m&amp#27;[32m in first row of the web table&amp#27;[0m                         &amp#27;[90m# com.cydeo.step_definitions.WebTableOrder_StepDefs.user_should_see_in_first_row_of_the_web_table(java.lang.String)&amp#27;[0m
]]></system-out>
    <system-err><![CDATA[Starting ChromeDriver 106.0.5249.61 (511755355844955cd3e264779baf0dd38212a4d0-refs/branch-heads/5249@{#569}) on port 22093
Only local connections are allowed.
Please see https://chromedriver.chromium.org/security-considerations for suggestions on keeping ChromeDriver safe.
ChromeDriver was started successfully.
Nov 04, 2022 5:13:54 AM org.openqa.selenium.remote.ProtocolHandshake createSession
INFO: Detected dialect: W3C
]]></system-err>
  </testcase>
  <testcase name="User should be able to place order and order seen in web table with using DDT #5" classname="Web table user order feature" time="22.916">
    <system-out><![CDATA[
@webtableAppOrder @femaleScientist
Scenario Template: User should be able to place order and order seen in web table with using DDT &amp#27;[90m# src/test/resources/features/webtableOrder.feature:42&amp#27;[0m
  &amp#27;[32mGiven &amp#27;[0m&amp#27;[32muser is already logged in and on order page&amp#27;[0m                                              &amp#27;[90m# com.cydeo.step_definitions.WebTableOrder_StepDefs.user_is_already_logged_in_and_on_order_page()&amp#27;[0m
  &amp#27;[32mWhen &amp#27;[0m&amp#27;[32muser selects product type &amp#27;[0m&amp#27;[32m&amp#27;[1m"Familybea"&amp#27;[0m                                                     &amp#27;[90m# com.cydeo.step_definitions.WebTableOrder_StepDefs.user_selects_product_type(java.lang.String)&amp#27;[0m
  &amp#27;[32mAnd &amp#27;[0m&amp#27;[32muser enters quantity &amp#27;[0m&amp#27;[32m&amp#27;[1m1&amp#27;[0m                                                                     &amp#27;[90m# com.cydeo.step_definitions.WebTableOrder_StepDefs.user_enters_quantity(java.lang.Integer)&amp#27;[0m
  &amp#27;[32mAnd &amp#27;[0m&amp#27;[32muser enters customer name &amp#27;[0m&amp#27;[32m&amp#27;[1m"Marry Anning"&amp#27;[0m                                                   &amp#27;[90m# com.cydeo.step_definitions.WebTableOrder_StepDefs.user_enters_customer_name(java.lang.String)&amp#27;[0m
  &amp#27;[32mAnd &amp#27;[0m&amp#27;[32muser enters street &amp#27;[0m&amp#27;[32m&amp#27;[1m"221B Baker Street"&amp#27;[0m                                                     &amp#27;[90m# com.cydeo.step_definitions.WebTableOrder_StepDefs.user_enters_street(java.lang.String)&amp#27;[0m
  &amp#27;[32mAnd &amp#27;[0m&amp#27;[32muser enters city &amp#27;[0m&amp#27;[32m&amp#27;[1m"London"&amp#27;[0m                                                                  &amp#27;[90m# com.cydeo.step_definitions.WebTableOrder_StepDefs.user_enters_city(java.lang.String)&amp#27;[0m
  &amp#27;[32mAnd &amp#27;[0m&amp#27;[32muser enters state &amp#27;[0m&amp#27;[32m&amp#27;[1m"England"&amp#27;[0m                                                                &amp#27;[90m# com.cydeo.step_definitions.WebTableOrder_StepDefs.user_enters_state(java.lang.String)&amp#27;[0m
  &amp#27;[32mAnd &amp#27;[0m&amp#27;[32muser enters zipcode &amp#27;[0m&amp#27;[32m&amp#27;[1m"50505"&amp#27;[0m                                                                &amp#27;[90m# com.cydeo.step_definitions.WebTableOrder_StepDefs.user_enters_zipcode(java.lang.String)&amp#27;[0m
  &amp#27;[32mAnd &amp#27;[0m&amp#27;[32muser selects credit card type &amp#27;[0m&amp#27;[32m&amp#27;[1m"visa"&amp#27;[0m                                                       &amp#27;[90m# com.cydeo.step_definitions.WebTableOrder_StepDefs.user_selects_credit_card_type(java.lang.String)&amp#27;[0m
  &amp#27;[32mAnd &amp#27;[0m&amp#27;[32muser enters credit card number &amp#27;[0m&amp#27;[32m&amp#27;[1m"1111222233334444"&amp#27;[0m                                          &amp#27;[90m# com.cydeo.step_definitions.WebTableOrder_StepDefs.user_enters_credit_card_number(java.lang.String)&amp#27;[0m
  &amp#27;[32mAnd &amp#27;[0m&amp#27;[32muser enters expiry date &amp#27;[0m&amp#27;[32m&amp#27;[1m"12/23"&amp#27;[0m                                                            &amp#27;[90m# com.cydeo.step_definitions.WebTableOrder_StepDefs.user_enters_expiry_date(java.lang.String)&amp#27;[0m
  &amp#27;[32mAnd &amp#27;[0m&amp#27;[32muser enters process order button&amp#27;[0m                                                           &amp#27;[90m# com.cydeo.step_definitions.WebTableOrder_StepDefs.user_enters_process_order_button()&amp#27;[0m
  &amp#27;[32mThen &amp#27;[0m&amp#27;[32muser should see &amp#27;[0m&amp#27;[32m&amp#27;[1m"Marry Anning"&amp#27;[0m&amp#27;[32m in first row of the web table&amp#27;[0m                              &amp#27;[90m# com.cydeo.step_definitions.WebTableOrder_StepDefs.user_should_see_in_first_row_of_the_web_table(java.lang.String)&amp#27;[0m
]]></system-out>
    <system-err><![CDATA[Starting ChromeDriver 106.0.5249.61 (511755355844955cd3e264779baf0dd38212a4d0-refs/branch-heads/5249@{#569}) on port 16062
Only local connections are allowed.
Please see https://chromedriver.chromium.org/security-considerations for suggestions on keeping ChromeDriver safe.
ChromeDriver was started successfully.
Nov 04, 2022 5:14:03 AM org.openqa.selenium.remote.ProtocolHandshake createSession
INFO: Detected dialect: W3C
]]></system-err>
  </testcase>
  <testcase name="User should be able to place order and order seen in web table with using DDT #6" classname="Web table user order feature" time="50.984">
    <system-out><![CDATA[
@webtableAppOrder @femaleScientist
Scenario Template: User should be able to place order and order seen in web table with using DDT &amp#27;[90m# src/test/resources/features/webtableOrder.feature:43&amp#27;[0m
  &amp#27;[32mGiven &amp#27;[0m&amp#27;[32muser is already logged in and on order page&amp#27;[0m                                              &amp#27;[90m# com.cydeo.step_definitions.WebTableOrder_StepDefs.user_is_already_logged_in_and_on_order_page()&amp#27;[0m
  &amp#27;[32mWhen &amp#27;[0m&amp#27;[32muser selects product type &amp#27;[0m&amp#27;[32m&amp#27;[1m"Screenable"&amp#27;[0m                                                    &amp#27;[90m# com.cydeo.step_definitions.WebTableOrder_StepDefs.user_selects_product_type(java.lang.String)&amp#27;[0m
  &amp#27;[32mAnd &amp#27;[0m&amp#27;[32muser enters quantity &amp#27;[0m&amp#27;[32m&amp#27;[1m2&amp#27;[0m                                                                     &amp#27;[90m# com.cydeo.step_definitions.WebTableOrder_StepDefs.user_enters_quantity(java.lang.Integer)&amp#27;[0m
  &amp#27;[32mAnd &amp#27;[0m&amp#27;[32muser enters customer name &amp#27;[0m&amp#27;[32m&amp#27;[1m"Lise Meitner"&amp#27;[0m                                                   &amp#27;[90m# com.cydeo.step_definitions.WebTableOrder_StepDefs.user_enters_customer_name(java.lang.String)&amp#27;[0m
  &amp#27;[32mAnd &amp#27;[0m&amp#27;[32muser enters street &amp#27;[0m&amp#27;[32m&amp#27;[1m"221B Baker Street"&amp#27;[0m                                                     &amp#27;[90m# com.cydeo.step_definitions.WebTableOrder_StepDefs.user_enters_street(java.lang.String)&amp#27;[0m
  &amp#27;[32mAnd &amp#27;[0m&amp#27;[32muser enters city &amp#27;[0m&amp#27;[32m&amp#27;[1m"London"&amp#27;[0m                                                                  &amp#27;[90m# com.cydeo.step_definitions.WebTableOrder_StepDefs.user_enters_city(java.lang.String)&amp#27;[0m
  &amp#27;[32mAnd &amp#27;[0m&amp#27;[32muser enters state &amp#27;[0m&amp#27;[32m&amp#27;[1m"England"&amp#27;[0m                                                                &amp#27;[90m# com.cydeo.step_definitions.WebTableOrder_StepDefs.user_enters_state(java.lang.String)&amp#27;[0m
  &amp#27;[32mAnd &amp#27;[0m&amp#27;[32muser enters zipcode &amp#27;[0m&amp#27;[32m&amp#27;[1m"50505"&amp#27;[0m                                                                &amp#27;[90m# com.cydeo.step_definitions.WebTableOrder_StepDefs.user_enters_zipcode(java.lang.String)&amp#27;[0m
  &amp#27;[32mAnd &amp#27;[0m&amp#27;[32muser selects credit card type &amp#27;[0m&amp#27;[32m&amp#27;[1m"visa"&amp#27;[0m                                                       &amp#27;[90m# com.cydeo.step_definitions.WebTableOrder_StepDefs.user_selects_credit_card_type(java.lang.String)&amp#27;[0m
  &amp#27;[32mAnd &amp#27;[0m&amp#27;[32muser enters credit card number &amp#27;[0m&amp#27;[32m&amp#27;[1m"1111222233334444"&amp#27;[0m                                          &amp#27;[90m# com.cydeo.step_definitions.WebTableOrder_StepDefs.user_enters_credit_card_number(java.lang.String)&amp#27;[0m
  &amp#27;[32mAnd &amp#27;[0m&amp#27;[32muser enters expiry date &amp#27;[0m&amp#27;[32m&amp#27;[1m"12/23"&amp#27;[0m                                                            &amp#27;[90m# com.cydeo.step_definitions.WebTableOrder_StepDefs.user_enters_expiry_date(java.lang.String)&amp#27;[0m
  &amp#27;[32mAnd &amp#27;[0m&amp#27;[32muser enters process order button&amp#27;[0m                                                           &amp#27;[90m# com.cydeo.step_definitions.WebTableOrder_StepDefs.user_enters_process_order_button()&amp#27;[0m
  &amp#27;[32mThen &amp#27;[0m&amp#27;[32muser should see &amp#27;[0m&amp#27;[32m&amp#27;[1m"Lise Meitner"&amp#27;[0m&amp#27;[32m in first row of the web table&amp#27;[0m                              &amp#27;[90m# com.cydeo.step_definitions.WebTableOrder_StepDefs.user_should_see_in_first_row_of_the_web_table(java.lang.String)&amp#27;[0m
]]></system-out>
    <system-err><![CDATA[Starting ChromeDriver 106.0.5249.61 (511755355844955cd3e264779baf0dd38212a4d0-refs/branch-heads/5249@{#569}) on port 47128
Only local connections are allowed.
Please see https://chromedriver.chromium.org/security-considerations for suggestions on keeping ChromeDriver safe.
ChromeDriver was started successfully.
Nov 04, 2022 5:14:26 AM org.openqa.selenium.remote.ProtocolHandshake createSession
INFO: Detected dialect: W3C
]]></system-err>
  </testcase>
  <testcase name="User should be able to place order and order seen in web table with using DDT #7" classname="Web table user order feature" time="8.341">
    <system-out><![CDATA[
@webtableAppOrder @maleScientist
Scenario Template: User should be able to place order and order seen in web table with using DDT &amp#27;[90m# src/test/resources/features/webtableOrder.feature:48&amp#27;[0m
  &amp#27;[32mGiven &amp#27;[0m&amp#27;[32muser is already logged in and on order page&amp#27;[0m                                              &amp#27;[90m# com.cydeo.step_definitions.WebTableOrder_StepDefs.user_is_already_logged_in_and_on_order_page()&amp#27;[0m
  &amp#27;[32mWhen &amp#27;[0m&amp#27;[32muser selects product type &amp#27;[0m&amp#27;[32m&amp#27;[1m"Familybea"&amp#27;[0m                                                     &amp#27;[90m# com.cydeo.step_definitions.WebTableOrder_StepDefs.user_selects_product_type(java.lang.String)&amp#27;[0m
  &amp#27;[32mAnd &amp#27;[0m&amp#27;[32muser enters quantity &amp#27;[0m&amp#27;[32m&amp#27;[1m2&amp#27;[0m                                                                     &amp#27;[90m# com.cydeo.step_definitions.WebTableOrder_StepDefs.user_enters_quantity(java.lang.Integer)&amp#27;[0m
  &amp#27;[32mAnd &amp#27;[0m&amp#27;[32muser enters customer name &amp#27;[0m&amp#27;[32m&amp#27;[1m"Albert Einstein"&amp#27;[0m                                                &amp#27;[90m# com.cydeo.step_definitions.WebTableOrder_StepDefs.user_enters_customer_name(java.lang.String)&amp#27;[0m
  &amp#27;[32mAnd &amp#27;[0m&amp#27;[32muser enters street &amp#27;[0m&amp#27;[32m&amp#27;[1m"21B Baker Street"&amp#27;[0m                                                      &amp#27;[90m# com.cydeo.step_definitions.WebTableOrder_StepDefs.user_enters_street(java.lang.String)&amp#27;[0m
  &amp#27;[32mAnd &amp#27;[0m&amp#27;[32muser enters city &amp#27;[0m&amp#27;[32m&amp#27;[1m"London"&amp#27;[0m                                                                  &amp#27;[90m# com.cydeo.step_definitions.WebTableOrder_StepDefs.user_enters_city(java.lang.String)&amp#27;[0m
  &amp#27;[32mAnd &amp#27;[0m&amp#27;[32muser enters state &amp#27;[0m&amp#27;[32m&amp#27;[1m"England"&amp#27;[0m                                                                &amp#27;[90m# com.cydeo.step_definitions.WebTableOrder_StepDefs.user_enters_state(java.lang.String)&amp#27;[0m
  &amp#27;[32mAnd &amp#27;[0m&amp#27;[32muser enters zipcode &amp#27;[0m&amp#27;[32m&amp#27;[1m"50505"&amp#27;[0m                                                                &amp#27;[90m# com.cydeo.step_definitions.WebTableOrder_StepDefs.user_enters_zipcode(java.lang.String)&amp#27;[0m
  &amp#27;[32mAnd &amp#27;[0m&amp#27;[32muser selects credit card type &amp#27;[0m&amp#27;[32m&amp#27;[1m"visa"&amp#27;[0m                                                       &amp#27;[90m# com.cydeo.step_definitions.WebTableOrder_StepDefs.user_selects_credit_card_type(java.lang.String)&amp#27;[0m
  &amp#27;[32mAnd &amp#27;[0m&amp#27;[32muser enters credit card number &amp#27;[0m&amp#27;[32m&amp#27;[1m"9111222203334440"&amp#27;[0m                                          &amp#27;[90m# com.cydeo.step_definitions.WebTableOrder_StepDefs.user_enters_credit_card_number(java.lang.String)&amp#27;[0m
  &amp#27;[32mAnd &amp#27;[0m&amp#27;[32muser enters expiry date &amp#27;[0m&amp#27;[32m&amp#27;[1m"12/23"&amp#27;[0m                                                            &amp#27;[90m# com.cydeo.step_definitions.WebTableOrder_StepDefs.user_enters_expiry_date(java.lang.String)&amp#27;[0m
  &amp#27;[32mAnd &amp#27;[0m&amp#27;[32muser enters process order button&amp#27;[0m                                                           &amp#27;[90m# com.cydeo.step_definitions.WebTableOrder_StepDefs.user_enters_process_order_button()&amp#27;[0m
  &amp#27;[32mThen &amp#27;[0m&amp#27;[32muser should see &amp#27;[0m&amp#27;[32m&amp#27;[1m"Albert Einstein"&amp#27;[0m&amp#27;[32m in first row of the web table&amp#27;[0m                           &amp#27;[90m# com.cydeo.step_definitions.WebTableOrder_StepDefs.user_should_see_in_first_row_of_the_web_table(java.lang.String)&amp#27;[0m
]]></system-out>
    <system-err><![CDATA[Starting ChromeDriver 106.0.5249.61 (511755355844955cd3e264779baf0dd38212a4d0-refs/branch-heads/5249@{#569}) on port 11324
Only local connections are allowed.
Please see https://chromedriver.chromium.org/security-considerations for suggestions on keeping ChromeDriver safe.
ChromeDriver was started successfully.
Nov 04, 2022 5:15:17 AM org.openqa.selenium.remote.ProtocolHandshake createSession
INFO: Detected dialect: W3C
]]></system-err>
  </testcase>
  <testcase name="User should be able to place order and order seen in web table with using DDT #8" classname="Web table user order feature" time="5.233">
    <system-out><![CDATA[
@webtableAppOrder @maleScientist
Scenario Template: User should be able to place order and order seen in web table with using DDT &amp#27;[90m# src/test/resources/features/webtableOrder.feature:49&amp#27;[0m
  &amp#27;[32mGiven &amp#27;[0m&amp#27;[32muser is already logged in and on order page&amp#27;[0m                                              &amp#27;[90m# com.cydeo.step_definitions.WebTableOrder_StepDefs.user_is_already_logged_in_and_on_order_page()&amp#27;[0m
  &amp#27;[32mWhen &amp#27;[0m&amp#27;[32muser selects product type &amp#27;[0m&amp#27;[32m&amp#27;[1m"MoneyCog"&amp#27;[0m                                                      &amp#27;[90m# com.cydeo.step_definitions.WebTableOrder_StepDefs.user_selects_product_type(java.lang.String)&amp#27;[0m
  &amp#27;[32mAnd &amp#27;[0m&amp#27;[32muser enters quantity &amp#27;[0m&amp#27;[32m&amp#27;[1m4&amp#27;[0m                                                                     &amp#27;[90m# com.cydeo.step_definitions.WebTableOrder_StepDefs.user_enters_quantity(java.lang.Integer)&amp#27;[0m
  &amp#27;[32mAnd &amp#27;[0m&amp#27;[32muser enters customer name &amp#27;[0m&amp#27;[32m&amp#27;[1m"Alfred Nobel"&amp#27;[0m                                                   &amp#27;[90m# com.cydeo.step_definitions.WebTableOrder_StepDefs.user_enters_customer_name(java.lang.String)&amp#27;[0m
  &amp#27;[32mAnd &amp#27;[0m&amp#27;[32muser enters street &amp#27;[0m&amp#27;[32m&amp#27;[1m"223B Austin Street"&amp#27;[0m                                                    &amp#27;[90m# com.cydeo.step_definitions.WebTableOrder_StepDefs.user_enters_street(java.lang.String)&amp#27;[0m
  &amp#27;[32mAnd &amp#27;[0m&amp#27;[32muser enters city &amp#27;[0m&amp#27;[32m&amp#27;[1m"London"&amp#27;[0m                                                                  &amp#27;[90m# com.cydeo.step_definitions.WebTableOrder_StepDefs.user_enters_city(java.lang.String)&amp#27;[0m
  &amp#27;[32mAnd &amp#27;[0m&amp#27;[32muser enters state &amp#27;[0m&amp#27;[32m&amp#27;[1m"England"&amp#27;[0m                                                                &amp#27;[90m# com.cydeo.step_definitions.WebTableOrder_StepDefs.user_enters_state(java.lang.String)&amp#27;[0m
  &amp#27;[32mAnd &amp#27;[0m&amp#27;[32muser enters zipcode &amp#27;[0m&amp#27;[32m&amp#27;[1m"50505"&amp#27;[0m                                                                &amp#27;[90m# com.cydeo.step_definitions.WebTableOrder_StepDefs.user_enters_zipcode(java.lang.String)&amp#27;[0m
  &amp#27;[32mAnd &amp#27;[0m&amp#27;[32muser selects credit card type &amp#27;[0m&amp#27;[32m&amp#27;[1m"visa"&amp#27;[0m                                                       &amp#27;[90m# com.cydeo.step_definitions.WebTableOrder_StepDefs.user_selects_credit_card_type(java.lang.String)&amp#27;[0m
  &amp#27;[32mAnd &amp#27;[0m&amp#27;[32muser enters credit card number &amp#27;[0m&amp#27;[32m&amp#27;[1m"9311222203334441"&amp#27;[0m                                          &amp#27;[90m# com.cydeo.step_definitions.WebTableOrder_StepDefs.user_enters_credit_card_number(java.lang.String)&amp#27;[0m
  &amp#27;[32mAnd &amp#27;[0m&amp#27;[32muser enters expiry date &amp#27;[0m&amp#27;[32m&amp#27;[1m"12/23"&amp#27;[0m                                                            &amp#27;[90m# com.cydeo.step_definitions.WebTableOrder_StepDefs.user_enters_expiry_date(java.lang.String)&amp#27;[0m
  &amp#27;[32mAnd &amp#27;[0m&amp#27;[32muser enters process order button&amp#27;[0m                                                           &amp#27;[90m# com.cydeo.step_definitions.WebTableOrder_StepDefs.user_enters_process_order_button()&amp#27;[0m
  &amp#27;[32mThen &amp#27;[0m&amp#27;[32muser should see &amp#27;[0m&amp#27;[32m&amp#27;[1m"Alfred Nobel"&amp#27;[0m&amp#27;[32m in first row of the web table&amp#27;[0m                              &amp#27;[90m# com.cydeo.step_definitions.WebTableOrder_StepDefs.user_should_see_in_first_row_of_the_web_table(java.lang.String)&amp#27;[0m
]]></system-out>
    <system-err><![CDATA[Starting ChromeDriver 106.0.5249.61 (511755355844955cd3e264779baf0dd38212a4d0-refs/branch-heads/5249@{#569}) on port 21035
Only local connections are allowed.
Please see https://chromedriver.chromium.org/security-considerations for suggestions on keeping ChromeDriver safe.
ChromeDriver was started successfully.
Nov 04, 2022 5:15:25 AM org.openqa.selenium.remote.ProtocolHandshake createSession
INFO: Detected dialect: W3C
]]></system-err>
  </testcase>
  <testcase name="User should be able to place order and order seen in web table with using DDT #9" classname="Web table user order feature" time="5.173">
    <system-out><![CDATA[
@webtableAppOrder @maleScientist
Scenario Template: User should be able to place order and order seen in web table with using DDT &amp#27;[90m# src/test/resources/features/webtableOrder.feature:50&amp#27;[0m
  &amp#27;[32mGiven &amp#27;[0m&amp#27;[32muser is already logged in and on order page&amp#27;[0m                                              &amp#27;[90m# com.cydeo.step_definitions.WebTableOrder_StepDefs.user_is_already_logged_in_and_on_order_page()&amp#27;[0m
  &amp#27;[32mWhen &amp#27;[0m&amp#27;[32muser selects product type &amp#27;[0m&amp#27;[32m&amp#27;[1m"Screenable"&amp#27;[0m                                                    &amp#27;[90m# com.cydeo.step_definitions.WebTableOrder_StepDefs.user_selects_product_type(java.lang.String)&amp#27;[0m
  &amp#27;[32mAnd &amp#27;[0m&amp#27;[32muser enters quantity &amp#27;[0m&amp#27;[32m&amp#27;[1m2&amp#27;[0m                                                                     &amp#27;[90m# com.cydeo.step_definitions.WebTableOrder_StepDefs.user_enters_quantity(java.lang.Integer)&amp#27;[0m
  &amp#27;[32mAnd &amp#27;[0m&amp#27;[32muser enters customer name &amp#27;[0m&amp#27;[32m&amp#27;[1m"Charles Darwin"&amp#27;[0m                                                 &amp#27;[90m# com.cydeo.step_definitions.WebTableOrder_StepDefs.user_enters_customer_name(java.lang.String)&amp#27;[0m
  &amp#27;[32mAnd &amp#27;[0m&amp#27;[32muser enters street &amp#27;[0m&amp#27;[32m&amp#27;[1m"298B Jackson Street"&amp#27;[0m                                                   &amp#27;[90m# com.cydeo.step_definitions.WebTableOrder_StepDefs.user_enters_street(java.lang.String)&amp#27;[0m
  &amp#27;[32mAnd &amp#27;[0m&amp#27;[32muser enters city &amp#27;[0m&amp#27;[32m&amp#27;[1m"London"&amp#27;[0m                                                                  &amp#27;[90m# com.cydeo.step_definitions.WebTableOrder_StepDefs.user_enters_city(java.lang.String)&amp#27;[0m
  &amp#27;[32mAnd &amp#27;[0m&amp#27;[32muser enters state &amp#27;[0m&amp#27;[32m&amp#27;[1m"England"&amp#27;[0m                                                                &amp#27;[90m# com.cydeo.step_definitions.WebTableOrder_StepDefs.user_enters_state(java.lang.String)&amp#27;[0m
  &amp#27;[32mAnd &amp#27;[0m&amp#27;[32muser enters zipcode &amp#27;[0m&amp#27;[32m&amp#27;[1m"50505"&amp#27;[0m                                                                &amp#27;[90m# com.cydeo.step_definitions.WebTableOrder_StepDefs.user_enters_zipcode(java.lang.String)&amp#27;[0m
  &amp#27;[32mAnd &amp#27;[0m&amp#27;[32muser selects credit card type &amp#27;[0m&amp#27;[32m&amp#27;[1m"visa"&amp#27;[0m                                                       &amp#27;[90m# com.cydeo.step_definitions.WebTableOrder_StepDefs.user_selects_credit_card_type(java.lang.String)&amp#27;[0m
  &amp#27;[32mAnd &amp#27;[0m&amp#27;[32muser enters credit card number &amp#27;[0m&amp#27;[32m&amp#27;[1m"9011222203334442"&amp#27;[0m                                          &amp#27;[90m# com.cydeo.step_definitions.WebTableOrder_StepDefs.user_enters_credit_card_number(java.lang.String)&amp#27;[0m
  &amp#27;[32mAnd &amp#27;[0m&amp#27;[32muser enters expiry date &amp#27;[0m&amp#27;[32m&amp#27;[1m"12/23"&amp#27;[0m                                                            &amp#27;[90m# com.cydeo.step_definitions.WebTableOrder_StepDefs.user_enters_expiry_date(java.lang.String)&amp#27;[0m
  &amp#27;[32mAnd &amp#27;[0m&amp#27;[32muser enters process order button&amp#27;[0m                                                           &amp#27;[90m# com.cydeo.step_definitions.WebTableOrder_StepDefs.user_enters_process_order_button()&amp#27;[0m
  &amp#27;[32mThen &amp#27;[0m&amp#27;[32muser should see &amp#27;[0m&amp#27;[32m&amp#27;[1m"Charles Darwin"&amp#27;[0m&amp#27;[32m in first row of the web table&amp#27;[0m                            &amp#27;[90m# com.cydeo.step_definitions.WebTableOrder_StepDefs.user_should_see_in_first_row_of_the_web_table(java.lang.String)&amp#27;[0m
]]></system-out>
    <system-err><![CDATA[Starting ChromeDriver 106.0.5249.61 (511755355844955cd3e264779baf0dd38212a4d0-refs/branch-heads/5249@{#569}) on port 1549
Only local connections are allowed.
Please see https://chromedriver.chromium.org/security-considerations for suggestions on keeping ChromeDriver safe.
ChromeDriver was started successfully.
Nov 04, 2022 5:15:31 AM org.openqa.selenium.remote.ProtocolHandshake createSession
INFO: Detected dialect: W3C
]]></system-err>
  </testcase>
  <testcase name="User should be able to place order and order seen in web table with using DDT #10" classname="Web table user order feature" time="8.187">
    <system-out><![CDATA[
@webtableAppOrder @maleScientist
Scenario Template: User should be able to place order and order seen in web table with using DDT &amp#27;[90m# src/test/resources/features/webtableOrder.feature:51&amp#27;[0m
  &amp#27;[32mGiven &amp#27;[0m&amp#27;[32muser is already logged in and on order page&amp#27;[0m                                              &amp#27;[90m# com.cydeo.step_definitions.WebTableOrder_StepDefs.user_is_already_logged_in_and_on_order_page()&amp#27;[0m
  &amp#27;[32mWhen &amp#27;[0m&amp#27;[32muser selects product type &amp#27;[0m&amp#27;[32m&amp#27;[1m"MoneyCog"&amp#27;[0m                                                      &amp#27;[90m# com.cydeo.step_definitions.WebTableOrder_StepDefs.user_selects_product_type(java.lang.String)&amp#27;[0m
  &amp#27;[32mAnd &amp#27;[0m&amp#27;[32muser enters quantity &amp#27;[0m&amp#27;[32m&amp#27;[1m3&amp#27;[0m                                                                     &amp#27;[90m# com.cydeo.step_definitions.WebTableOrder_StepDefs.user_enters_quantity(java.lang.Integer)&amp#27;[0m
  &amp#27;[32mAnd &amp#27;[0m&amp#27;[32muser enters customer name &amp#27;[0m&amp#27;[32m&amp#27;[1m"Carl Sagan"&amp#27;[0m                                                     &amp#27;[90m# com.cydeo.step_definitions.WebTableOrder_StepDefs.user_enters_customer_name(java.lang.String)&amp#27;[0m
  &amp#27;[32mAnd &amp#27;[0m&amp#27;[32muser enters street &amp#27;[0m&amp#27;[32m&amp#27;[1m"244B Ba Street"&amp#27;[0m                                                        &amp#27;[90m# com.cydeo.step_definitions.WebTableOrder_StepDefs.user_enters_street(java.lang.String)&amp#27;[0m
  &amp#27;[32mAnd &amp#27;[0m&amp#27;[32muser enters city &amp#27;[0m&amp#27;[32m&amp#27;[1m"London"&amp#27;[0m                                                                  &amp#27;[90m# com.cydeo.step_definitions.WebTableOrder_StepDefs.user_enters_city(java.lang.String)&amp#27;[0m
  &amp#27;[32mAnd &amp#27;[0m&amp#27;[32muser enters state &amp#27;[0m&amp#27;[32m&amp#27;[1m"England"&amp#27;[0m                                                                &amp#27;[90m# com.cydeo.step_definitions.WebTableOrder_StepDefs.user_enters_state(java.lang.String)&amp#27;[0m
  &amp#27;[32mAnd &amp#27;[0m&amp#27;[32muser enters zipcode &amp#27;[0m&amp#27;[32m&amp#27;[1m"50505"&amp#27;[0m                                                                &amp#27;[90m# com.cydeo.step_definitions.WebTableOrder_StepDefs.user_enters_zipcode(java.lang.String)&amp#27;[0m
  &amp#27;[32mAnd &amp#27;[0m&amp#27;[32muser selects credit card type &amp#27;[0m&amp#27;[32m&amp#27;[1m"visa"&amp#27;[0m                                                       &amp#27;[90m# com.cydeo.step_definitions.WebTableOrder_StepDefs.user_selects_credit_card_type(java.lang.String)&amp#27;[0m
  &amp#27;[32mAnd &amp#27;[0m&amp#27;[32muser enters credit card number &amp#27;[0m&amp#27;[32m&amp#27;[1m"9811222203334443"&amp#27;[0m                                          &amp#27;[90m# com.cydeo.step_definitions.WebTableOrder_StepDefs.user_enters_credit_card_number(java.lang.String)&amp#27;[0m
  &amp#27;[32mAnd &amp#27;[0m&amp#27;[32muser enters expiry date &amp#27;[0m&amp#27;[32m&amp#27;[1m"12/23"&amp#27;[0m                                                            &amp#27;[90m# com.cydeo.step_definitions.WebTableOrder_StepDefs.user_enters_expiry_date(java.lang.String)&amp#27;[0m
  &amp#27;[32mAnd &amp#27;[0m&amp#27;[32muser enters process order button&amp#27;[0m                                                           &amp#27;[90m# com.cydeo.step_definitions.WebTableOrder_StepDefs.user_enters_process_order_button()&amp#27;[0m
  &amp#27;[32mThen &amp#27;[0m&amp#27;[32muser should see &amp#27;[0m&amp#27;[32m&amp#27;[1m"Carl Sagan"&amp#27;[0m&amp#27;[32m in first row of the web table&amp#27;[0m                                &amp#27;[90m# com.cydeo.step_definitions.WebTableOrder_StepDefs.user_should_see_in_first_row_of_the_web_table(java.lang.String)&amp#27;[0m
]]></system-out>
    <system-err><![CDATA[Starting ChromeDriver 106.0.5249.61 (511755355844955cd3e264779baf0dd38212a4d0-refs/branch-heads/5249@{#569}) on port 30280
Only local connections are allowed.
Please see https://chromedriver.chromium.org/security-considerations for suggestions on keeping ChromeDriver safe.
ChromeDriver was started successfully.
Nov 04, 2022 5:15:36 AM org.openqa.selenium.remote.ProtocolHandshake createSession
INFO: Detected dialect: W3C
]]></system-err>
  </testcase>
  <testcase name="User should be able to place order and order seen in web table with using DDT #11" classname="Web table user order feature" time="5.165">
    <system-out><![CDATA[
@webtableAppOrder @maleScientist
Scenario Template: User should be able to place order and order seen in web table with using DDT &amp#27;[90m# src/test/resources/features/webtableOrder.feature:52&amp#27;[0m
  &amp#27;[32mGiven &amp#27;[0m&amp#27;[32muser is already logged in and on order page&amp#27;[0m                                              &amp#27;[90m# com.cydeo.step_definitions.WebTableOrder_StepDefs.user_is_already_logged_in_and_on_order_page()&amp#27;[0m
  &amp#27;[32mWhen &amp#27;[0m&amp#27;[32muser selects product type &amp#27;[0m&amp#27;[32m&amp#27;[1m"Familybea"&amp#27;[0m                                                     &amp#27;[90m# com.cydeo.step_definitions.WebTableOrder_StepDefs.user_selects_product_type(java.lang.String)&amp#27;[0m
  &amp#27;[32mAnd &amp#27;[0m&amp#27;[32muser enters quantity &amp#27;[0m&amp#27;[32m&amp#27;[1m1&amp#27;[0m                                                                     &amp#27;[90m# com.cydeo.step_definitions.WebTableOrder_StepDefs.user_enters_quantity(java.lang.Integer)&amp#27;[0m
  &amp#27;[32mAnd &amp#27;[0m&amp#27;[32muser enters customer name &amp#27;[0m&amp#27;[32m&amp#27;[1m"Archimedes"&amp#27;[0m                                                     &amp#27;[90m# com.cydeo.step_definitions.WebTableOrder_StepDefs.user_enters_customer_name(java.lang.String)&amp#27;[0m
  &amp#27;[32mAnd &amp#27;[0m&amp#27;[32muser enters street &amp#27;[0m&amp#27;[32m&amp#27;[1m"222B Bride Street"&amp#27;[0m                                                     &amp#27;[90m# com.cydeo.step_definitions.WebTableOrder_StepDefs.user_enters_street(java.lang.String)&amp#27;[0m
  &amp#27;[32mAnd &amp#27;[0m&amp#27;[32muser enters city &amp#27;[0m&amp#27;[32m&amp#27;[1m"London"&amp#27;[0m                                                                  &amp#27;[90m# com.cydeo.step_definitions.WebTableOrder_StepDefs.user_enters_city(java.lang.String)&amp#27;[0m
  &amp#27;[32mAnd &amp#27;[0m&amp#27;[32muser enters state &amp#27;[0m&amp#27;[32m&amp#27;[1m"England"&amp#27;[0m                                                                &amp#27;[90m# com.cydeo.step_definitions.WebTableOrder_StepDefs.user_enters_state(java.lang.String)&amp#27;[0m
  &amp#27;[32mAnd &amp#27;[0m&amp#27;[32muser enters zipcode &amp#27;[0m&amp#27;[32m&amp#27;[1m"50505"&amp#27;[0m                                                                &amp#27;[90m# com.cydeo.step_definitions.WebTableOrder_StepDefs.user_enters_zipcode(java.lang.String)&amp#27;[0m
  &amp#27;[32mAnd &amp#27;[0m&amp#27;[32muser selects credit card type &amp#27;[0m&amp#27;[32m&amp#27;[1m"visa"&amp#27;[0m                                                       &amp#27;[90m# com.cydeo.step_definitions.WebTableOrder_StepDefs.user_selects_credit_card_type(java.lang.String)&amp#27;[0m
  &amp#27;[32mAnd &amp#27;[0m&amp#27;[32muser enters credit card number &amp#27;[0m&amp#27;[32m&amp#27;[1m"9611222203334444"&amp#27;[0m                                          &amp#27;[90m# com.cydeo.step_definitions.WebTableOrder_StepDefs.user_enters_credit_card_number(java.lang.String)&amp#27;[0m
  &amp#27;[32mAnd &amp#27;[0m&amp#27;[32muser enters expiry date &amp#27;[0m&amp#27;[32m&amp#27;[1m"12/23"&amp#27;[0m                                                            &amp#27;[90m# com.cydeo.step_definitions.WebTableOrder_StepDefs.user_enters_expiry_date(java.lang.String)&amp#27;[0m
  &amp#27;[32mAnd &amp#27;[0m&amp#27;[32muser enters process order button&amp#27;[0m                                                           &amp#27;[90m# com.cydeo.step_definitions.WebTableOrder_StepDefs.user_enters_process_order_button()&amp#27;[0m
  &amp#27;[32mThen &amp#27;[0m&amp#27;[32muser should see &amp#27;[0m&amp#27;[32m&amp#27;[1m"Archimedes"&amp#27;[0m&amp#27;[32m in first row of the web table&amp#27;[0m                                &amp#27;[90m# com.cydeo.step_definitions.WebTableOrder_StepDefs.user_should_see_in_first_row_of_the_web_table(java.lang.String)&amp#27;[0m
]]></system-out>
    <system-err><![CDATA[Starting ChromeDriver 106.0.5249.61 (511755355844955cd3e264779baf0dd38212a4d0-refs/branch-heads/5249@{#569}) on port 7451
Only local connections are allowed.
Please see https://chromedriver.chromium.org/security-considerations for suggestions on keeping ChromeDriver safe.
ChromeDriver was started successfully.
Nov 04, 2022 5:15:44 AM org.openqa.selenium.remote.ProtocolHandshake createSession
INFO: Detected dialect: W3C
]]></system-err>
  </testcase>
  <testcase name="User should be able to place order and order seen in web table with using DDT #12" classname="Web table user order feature" time="22.596">
    <system-out><![CDATA[
@webtableAppOrder @maleScientist
Scenario Template: User should be able to place order and order seen in web table with using DDT &amp#27;[90m# src/test/resources/features/webtableOrder.feature:53&amp#27;[0m
  &amp#27;[32mGiven &amp#27;[0m&amp#27;[32muser is already logged in and on order page&amp#27;[0m                                              &amp#27;[90m# com.cydeo.step_definitions.WebTableOrder_StepDefs.user_is_already_logged_in_and_on_order_page()&amp#27;[0m
  &amp#27;[32mWhen &amp#27;[0m&amp#27;[32muser selects product type &amp#27;[0m&amp#27;[32m&amp#27;[1m"Screenable"&amp#27;[0m                                                    &amp#27;[90m# com.cydeo.step_definitions.WebTableOrder_StepDefs.user_selects_product_type(java.lang.String)&amp#27;[0m
  &amp#27;[32mAnd &amp#27;[0m&amp#27;[32muser enters quantity &amp#27;[0m&amp#27;[32m&amp#27;[1m2&amp#27;[0m                                                                     &amp#27;[90m# com.cydeo.step_definitions.WebTableOrder_StepDefs.user_enters_quantity(java.lang.Integer)&amp#27;[0m
  &amp#27;[32mAnd &amp#27;[0m&amp#27;[32muser enters customer name &amp#27;[0m&amp#27;[32m&amp#27;[1m"Alexander Flaming"&amp#27;[0m                                              &amp#27;[90m# com.cydeo.step_definitions.WebTableOrder_StepDefs.user_enters_customer_name(java.lang.String)&amp#27;[0m
  &amp#27;[32mAnd &amp#27;[0m&amp#27;[32muser enters street &amp#27;[0m&amp#27;[32m&amp#27;[1m"2201B Son Street"&amp#27;[0m                                                      &amp#27;[90m# com.cydeo.step_definitions.WebTableOrder_StepDefs.user_enters_street(java.lang.String)&amp#27;[0m
  &amp#27;[32mAnd &amp#27;[0m&amp#27;[32muser enters city &amp#27;[0m&amp#27;[32m&amp#27;[1m"London"&amp#27;[0m                                                                  &amp#27;[90m# com.cydeo.step_definitions.WebTableOrder_StepDefs.user_enters_city(java.lang.String)&amp#27;[0m
  &amp#27;[32mAnd &amp#27;[0m&amp#27;[32muser enters state &amp#27;[0m&amp#27;[32m&amp#27;[1m"England"&amp#27;[0m                                                                &amp#27;[90m# com.cydeo.step_definitions.WebTableOrder_StepDefs.user_enters_state(java.lang.String)&amp#27;[0m
  &amp#27;[32mAnd &amp#27;[0m&amp#27;[32muser enters zipcode &amp#27;[0m&amp#27;[32m&amp#27;[1m"50505"&amp#27;[0m                                                                &amp#27;[90m# com.cydeo.step_definitions.WebTableOrder_StepDefs.user_enters_zipcode(java.lang.String)&amp#27;[0m
  &amp#27;[32mAnd &amp#27;[0m&amp#27;[32muser selects credit card type &amp#27;[0m&amp#27;[32m&amp#27;[1m"visa"&amp#27;[0m                                                       &amp#27;[90m# com.cydeo.step_definitions.WebTableOrder_StepDefs.user_selects_credit_card_type(java.lang.String)&amp#27;[0m
  &amp#27;[32mAnd &amp#27;[0m&amp#27;[32muser enters credit card number &amp#27;[0m&amp#27;[32m&amp#27;[1m"9111222233334445"&amp#27;[0m                                          &amp#27;[90m# com.cydeo.step_definitions.WebTableOrder_StepDefs.user_enters_credit_card_number(java.lang.String)&amp#27;[0m
  &amp#27;[32mAnd &amp#27;[0m&amp#27;[32muser enters expiry date &amp#27;[0m&amp#27;[32m&amp#27;[1m"12/23"&amp#27;[0m                                                            &amp#27;[90m# com.cydeo.step_definitions.WebTableOrder_StepDefs.user_enters_expiry_date(java.lang.String)&amp#27;[0m
  &amp#27;[32mAnd &amp#27;[0m&amp#27;[32muser enters process order button&amp#27;[0m                                                           &amp#27;[90m# com.cydeo.step_definitions.WebTableOrder_StepDefs.user_enters_process_order_button()&amp#27;[0m
  &amp#27;[32mThen &amp#27;[0m&amp#27;[32muser should see &amp#27;[0m&amp#27;[32m&amp#27;[1m"Alexander Flaming"&amp#27;[0m&amp#27;[32m in first row of the web table&amp#27;[0m                         &amp#27;[90m# com.cydeo.step_definitions.WebTableOrder_StepDefs.user_should_see_in_first_row_of_the_web_table(java.lang.String)&amp#27;[0m
]]></system-out>
    <system-err><![CDATA[Starting ChromeDriver 106.0.5249.61 (511755355844955cd3e264779baf0dd38212a4d0-refs/branch-heads/5249@{#569}) on port 11890
Only local connections are allowed.
Please see https://chromedriver.chromium.org/security-considerations for suggestions on keeping ChromeDriver safe.
ChromeDriver was started successfully.
Nov 04, 2022 5:15:49 AM org.openqa.selenium.remote.ProtocolHandshake createSession
INFO: Detected dialect: W3C
]]></system-err>
  </testcase>
</testsuite>